# JRE version: OpenJDK Runtime Environment Temurin-17+35 (17.0+35) (build 17+35)
# Java VM: OpenJDK 64-Bit Server VM Temurin-17+35 (17+35, mixed mode, sharing, tiered, compressed oops, compressed class ptrs, g1 gc, windows-amd64)
GC Precious Log:
 CPUs: 8 total, 8 available
 Memory: 7834M
 Large Page Support: Disabled
 NUMA Support: Disabled
 Compressed Oops: Enabled (32-bit)
 Heap Region Size: 1M
 Heap Min Capacity: 8M
 Heap Initial Capacity: 124M
 Heap Max Capacity: 1G
 Pre-touch: Disabled
 Parallel Workers: 8
 Concurrent Workers: 2
 Concurrent Refinement Workers: 8
 Periodic GC: Disabled
Heap:
 garbage-first heap   total 211968K, used 85306K [0x00000000c0000000, 0x0000000100000000)
  region size 1024K, 1 young (1024K), 1 survivors (1024K)
 Metaspace       used 64435K, committed 65024K, reserved 1105920K
  class space    used 8751K, committed 9024K, reserved 1048576K
GC Heap History (20 events):
Event: 122.961 GC heap after
{Heap after GC invocations=27 (full 0):
 garbage-first heap   total 188416K, used 86384K [0x00000000c0000000, 0x0000000100000000)
  region size 1024K, 2 young (2048K), 2 survivors (2048K)
 Metaspace       used 64382K, committed 64960K, reserved 1105920K
  class space    used 8750K, committed 9024K, reserved 1048576K
}
Event: 171.695 GC heap before
{Heap before GC invocations=27 (full 0):
 garbage-first heap   total 188416K, used 142704K [0x00000000c0000000, 0x0000000100000000)
  region size 1024K, 57 young (58368K), 2 survivors (2048K)
 Metaspace       used 64389K, committed 64960K, reserved 1105920K
  class space    used 8750K, committed 9024K, reserved 1048576K
}
Event: 171.746 GC heap after
{Heap after GC invocations=28 (full 0):
 garbage-first heap   total 188416K, used 86348K [0x00000000c0000000, 0x0000000100000000)
  region size 1024K, 2 young (2048K), 2 survivors (2048K)
 Metaspace       used 64389K, committed 64960K, reserved 1105920K
  class space    used 8750K, committed 9024K, reserved 1048576K
}
Event: 213.365 GC heap before
{Heap before GC invocations=28 (full 0):
 garbage-first heap   total 188416K, used 145740K [0x00000000c0000000, 0x0000000100000000)
  region size 1024K, 60 young (61440K), 2 survivors (2048K)
 Metaspace       used 64403K, committed 64960K, reserved 1105920K
  class space    used 8750K, committed 9024K, reserved 1048576K
}
Event: 213.476 GC heap after
{Heap after GC invocations=29 (full 0):
 garbage-first heap   total 188416K, used 86356K [0x00000000c0000000, 0x0000000100000000)
  region size 1024K, 2 young (2048K), 2 survivors (2048K)
 Metaspace       used 64403K, committed 64960K, reserved 1105920K
  class space    used 8750K, committed 9024K, reserved 1048576K
}
Event: 257.228 GC heap before
{Heap before GC invocations=29 (full 0):
 garbage-first heap   total 188416K, used 148820K [0x00000000c0000000, 0x0000000100000000)
  region size 1024K, 63 young (64512K), 2 survivors (2048K)
 Metaspace       used 64418K, committed 64960K, reserved 1105920K
  class space    used 8751K, committed 9024K, reserved 1048576K
}
Event: 257.267 GC heap after
{Heap after GC invocations=30 (full 0):
 garbage-first heap   total 188416K, used 85414K [0x00000000c0000000, 0x0000000100000000)
  region size 1024K, 1 young (1024K), 1 survivors (1024K)
 Metaspace       used 64418K, committed 64960K, reserved 1105920K
  class space    used 8751K, committed 9024K, reserved 1048576K
}
Event: 263.039 GC heap before
{Heap before GC invocations=30 (full 0):
 garbage-first heap   total 188416K, used 151974K [0x00000000c0000000, 0x0000000100000000)
  region size 1024K, 66 young (67584K), 1 survivors (1024K)
 Metaspace       used 64435K, committed 65024K, reserved 1105920K
  class space    used 8751K, committed 9024K, reserved 1048576K
}
Event: 263.076 GC heap after
{Heap after GC invocations=31 (full 0):
 garbage-first heap   total 188416K, used 85335K [0x00000000c0000000, 0x0000000100000000)
  region size 1024K, 1 young (1024K), 1 survivors (1024K)
 Metaspace       used 64435K, committed 65024K, reserved 1105920K
  class space    used 8751K, committed 9024K, reserved 1048576K
}
Event: 263.156 GC heap before
{Heap before GC invocations=31 (full 0):
 garbage-first heap   total 188416K, used 154967K [0x00000000c0000000, 0x0000000100000000)
  region size 1024K, 69 young (70656K), 1 survivors (1024K)
 Metaspace       used 64435K, committed 65024K, reserved 1105920K
  class space    used 8751K, committed 9024K, reserved 1048576K
}
Event: 263.184 GC heap after
{Heap after GC invocations=32 (full 0):
 garbage-first heap   total 188416K, used 85327K [0x00000000c0000000, 0x0000000100000000)
  region size 1024K, 1 young (1024K), 1 survivors (1024K)
 Metaspace       used 64435K, committed 65024K, reserved 1105920K
  class space    used 8751K, committed 9024K, reserved 1048576K
}
Event: 263.199 GC heap before
{Heap before GC invocations=32 (full 0):
 garbage-first heap   total 188416K, used 132431K [0x00000000c0000000, 0x0000000100000000)
  region size 1024K, 47 young (48128K), 1 survivors (1024K)
 Metaspace       used 64435K, committed 65024K, reserved 1105920K
  class space    used 8751K, committed 9024K, reserved 1048576K
}
Event: 263.204 GC heap after
{Heap after GC invocations=33 (full 0):
 garbage-first heap   total 188416K, used 85298K [0x00000000c0000000, 0x0000000100000000)
  region size 1024K, 1 young (1024K), 1 survivors (1024K)
 Metaspace       used 64435K, committed 65024K, reserved 1105920K
  class space    used 8751K, committed 9024K, reserved 1048576K
}
Event: 263.333 GC heap before
{Heap before GC invocations=33 (full 0):
 garbage-first heap   total 188416K, used 159026K [0x00000000c0000000, 0x0000000100000000)
  region size 1024K, 73 young (74752K), 1 survivors (1024K)
 Metaspace       used 64435K, committed 65024K, reserved 1105920K
  class space    used 8751K, committed 9024K, reserved 1048576K
}
Event: 263.345 GC heap after
{Heap after GC invocations=34 (full 0):
 garbage-first heap   total 188416K, used 85310K [0x00000000c0000000, 0x0000000100000000)
  region size 1024K, 1 young (1024K), 1 survivors (1024K)
 Metaspace       used 64435K, committed 65024K, reserved 1105920K
  class space    used 8751K, committed 9024K, reserved 1048576K
}
Event: 263.369 GC heap before
{Heap before GC invocations=34 (full 0):
 garbage-first heap   total 188416K, used 160062K [0x00000000c0000000, 0x0000000100000000)
  region size 1024K, 74 young (75776K), 1 survivors (1024K)
 Metaspace       used 64435K, committed 65024K, reserved 1105920K
  class space    used 8751K, committed 9024K, reserved 1048576K
}
Event: 263.391 GC heap after
{Heap after GC invocations=35 (full 0):
 garbage-first heap   total 188416K, used 85311K [0x00000000c0000000, 0x0000000100000000)
  region size 1024K, 1 young (1024K), 1 survivors (1024K)
 Metaspace       used 64435K, committed 65024K, reserved 1105920K
  class space    used 8751K, committed 9024K, reserved 1048576K
}
Event: 263.455 GC heap before
{Heap before GC invocations=35 (full 0):
 garbage-first heap   total 188416K, used 162111K [0x00000000c0000000, 0x0000000100000000)
  region size 1024K, 76 young (77824K), 1 survivors (1024K)
 Metaspace       used 64435K, committed 65024K, reserved 1105920K
  class space    used 8751K, committed 9024K, reserved 1048576K
}
Event: 263.481 GC heap after
{Heap after GC invocations=36 (full 0):
 garbage-first heap   total 188416K, used 85306K [0x00000000c0000000, 0x0000000100000000)
  region size 1024K, 1 young (1024K), 1 survivors (1024K)
 Metaspace       used 64435K, committed 65024K, reserved 1105920K
  class space    used 8751K, committed 9024K, reserved 1048576K
}
Event: 263.533 GC heap before
{Heap before GC invocations=36 (full 0):
 garbage-first heap   total 188416K, used 163130K [0x00000000c0000000, 0x0000000100000000)
  region size 1024K, 77 young (78848K), 1 survivors (1024K)
 Metaspace       used 64435K, committed 65024K, reserved 1105920K
  class space    used 8751K, committed 9024K, reserved 1048576K
}

